android/app/build/intermediates/manifest_merge_blame_file/debug/manifest-merger-blame-debug-report.txt
1<?xml version="1.0" encoding="utf-8"?>
2<manifest xmlns:android="http://schemas.android.com/apk/res/android"
3    package="com.awesomeproject"
4    android:versionCode="4194305"
5    android:versionName="1.0" >
6
7    <uses-sdk
8        android:minSdkVersion="16"
8-->src/main/AndroidManifest.xml
9        android:targetSdkVersion="29" />
9-->src/main/AndroidManifest.xml
10
11    <uses-permission android:name="android.permission.INTERNET" />
11-->src/main/AndroidManifest.xml:4:5-67
11-->src/main/AndroidManifest.xml:4:22-64
12    <uses-permission android:name="android.permission.WRITE_EXTERNAL_STORAGE" />
12-->src/main/AndroidManifest.xml:5:5-81
12-->src/main/AndroidManifest.xml:5:22-78
13    <uses-permission android:name="android.permission.CAMERA" />
13-->src/main/AndroidManifest.xml:6:5-65
13-->src/main/AndroidManifest.xml:6:22-62
14    <uses-permission android:name="android.permission.ACCESS_WIFI_STATE" /> <!-- Required to access Google Play Licensing -->
14-->[com.facebook.flipper:flipper:0.37.0] AndroidManifest.xml:16:5-76
14-->[com.facebook.flipper:flipper:0.37.0] AndroidManifest.xml:16:22-73
15    <uses-permission android:name="com.android.vending.CHECK_LICENSE" />
15-->[:rn-fetch-blob] AndroidManifest.xml:12:5-73
15-->[:rn-fetch-blob] AndroidManifest.xml:12:22-70
16    <!--
17         Required to keep CPU alive while downloading files
18        (NOT to keep screen awake)
19    -->
20    <uses-permission android:name="android.permission.WAKE_LOCK" />
20-->[:rn-fetch-blob] AndroidManifest.xml:21:5-68
20-->[:rn-fetch-blob] AndroidManifest.xml:21:22-65
21    <!--
22         Required to poll the state of the network connection
23        and respond to changes
24    -->
25    <uses-permission android:name="android.permission.ACCESS_NETWORK_STATE" />
25-->[:rn-fetch-blob] AndroidManifest.xml:27:5-79
25-->[:rn-fetch-blob] AndroidManifest.xml:27:22-76
26
27    <application
27-->src/main/AndroidManifest.xml:8:5-29:19
28        android:name="com.awesomeproject.MainApplication"
28-->src/main/AndroidManifest.xml:9:13-44
29        android:allowBackup="false"
29-->src/main/AndroidManifest.xml:13:13-40
30        android:appComponentFactory="androidx.core.app.CoreComponentFactory"
30-->[androidx.core:core:1.1.0] AndroidManifest.xml:24:18-86
31        android:debuggable="true"
32        android:icon="@mipmap/ic_launcher"
32-->src/main/AndroidManifest.xml:11:13-47
33        android:label="@string/app_name"
33-->src/main/AndroidManifest.xml:10:13-45
34        android:roundIcon="@mipmap/ic_launcher_round"
34-->src/main/AndroidManifest.xml:12:13-58
35        android:theme="@style/AppTheme"
35-->src/main/AndroidManifest.xml:15:13-44
36        android:usesCleartextTraffic="true" >
36-->src/main/AndroidManifest.xml:14:13-48
37        <activity
37-->src/main/AndroidManifest.xml:16:9-27:18
38            android:name="com.awesomeproject.MainActivity"
38-->src/main/AndroidManifest.xml:17:17-45
39            android:configChanges="keyboard|keyboardHidden|orientation|screenSize|uiMode"
39-->src/main/AndroidManifest.xml:19:17-94
40            android:label="@string/app_name"
40-->src/main/AndroidManifest.xml:18:17-49
41            android:launchMode="singleTask"
41-->src/main/AndroidManifest.xml:20:17-48
42            android:windowSoftInputMode="adjustResize" >
42-->src/main/AndroidManifest.xml:21:17-59
43            <intent-filter>
43-->src/main/AndroidManifest.xml:22:13-26:29
44                <action android:name="android.intent.action.MAIN" />
44-->src/main/AndroidManifest.xml:23:17-68
44-->src/main/AndroidManifest.xml:23:25-66
45
46                <category android:name="android.intent.category.LAUNCHER" />
46-->src/main/AndroidManifest.xml:24:17-76
46-->src/main/AndroidManifest.xml:24:27-74
47
48                <action android:name="android.intent.action.DOWNLOAD_COMPLETE" />
48-->src/main/AndroidManifest.xml:25:17-81
48-->src/main/AndroidManifest.xml:25:25-79
49            </intent-filter>
50        </activity>
51        <activity android:name="com.facebook.react.devsupport.DevSettingsActivity" />
51-->src/main/AndroidManifest.xml:28:7-84
51-->src/main/AndroidManifest.xml:28:17-81
52
53        <provider
53-->[:react-native-image-picker] AndroidManifest.xml:10:9-18:20
54            android:name="com.imagepicker.FileProvider"
54-->[:react-native-image-picker] AndroidManifest.xml:11:13-56
55            android:authorities="com.awesomeproject.provider"
55-->[:react-native-image-picker] AndroidManifest.xml:12:13-60
56            android:exported="false"
56-->[:react-native-image-picker] AndroidManifest.xml:13:13-37
57            android:grantUriPermissions="true" >
57-->[:react-native-image-picker] AndroidManifest.xml:14:13-47
58            <meta-data
58-->[:react-native-image-picker] AndroidManifest.xml:15:13-17:58
59                android:name="android.support.FILE_PROVIDER_PATHS"
59-->[:react-native-image-picker] AndroidManifest.xml:16:17-67
60                android:resource="@xml/provider_paths" />
60-->[:react-native-image-picker] AndroidManifest.xml:17:17-55
61        </provider>
62        <provider
62-->[:rn-fetch-blob] AndroidManifest.xml:36:9-44:20
63            android:name="com.RNFetchBlob.Utils.FileProvider"
63-->[:rn-fetch-blob] AndroidManifest.xml:37:13-62
64            android:authorities="com.awesomeproject.provider"
64-->[:rn-fetch-blob] AndroidManifest.xml:38:13-60
65            android:exported="false"
65-->[:rn-fetch-blob] AndroidManifest.xml:39:13-37
66            android:grantUriPermissions="true" >
66-->[:rn-fetch-blob] AndroidManifest.xml:40:13-47
67            <meta-data
67-->[:react-native-image-picker] AndroidManifest.xml:15:13-17:58
68                android:name="android.support.FILE_PROVIDER_PATHS"
68-->[:react-native-image-picker] AndroidManifest.xml:16:17-67
69                android:resource="@xml/provider_paths" />
69-->[:react-native-image-picker] AndroidManifest.xml:17:17-55
70        </provider>
71    </application>
72
73</manifest>